<?xml version="1.0" encoding="UTF-8"?>
<!-- Generated by org.testng.reporters.JUnitReportReporter -->
<testsuite name="com.TestRunner.TestRunner" tests="1" time="5.950" ignored="0" failures="0" timestamp="19 Sep 2022 14:02:04 GMT" skipped="0" hostname="INL-CWRHP13" errors="0">
  <testcase name="runScenario" time="5.950" classname="com.TestRunner.TestRunner"/>
</testsuite> <!-- com.TestRunner.TestRunner -->
