<?xml version="1.0" encoding="UTF-8"?>
<!-- Generated by org.testng.reporters.JUnitReportReporter -->
<testsuite hostname="WINDOWS-BVQNF6J" failures="0" tests="1" name="com.TestRunner.TestRunner" time="2.644" errors="0" timestamp="2022-07-07T20:00:10 IST" skipped="0">
  <testcase classname="com.TestRunner.TestRunner" name="runScenario" time="2.644"/>
  <system-out/>
</testsuite> <!-- com.TestRunner.TestRunner -->
